C51 COMPILER V9.59.0.0   LEDWATER                                                          01/29/2021 15:23:19 PAGE 1   


C51 COMPILER V9.59.0.0, COMPILATION OF MODULE LEDWATER
OBJECT MODULE PLACED IN .\Objects\ledwater.obj
COMPILER INVOKED BY: F:\keil\C51\BIN\C51.EXE ledwater.c OPTIMIZE(8,SPEED) BROWSE DEBUG OBJECTEXTEND PRINT(.\Listings\led
                    -water.lst) TABS(2) OBJECT(.\Objects\ledwater.obj)

line level    source

   1          #include <STC15F2K60S2.H>
   2          #include "intrins.h"
   3          void Delay1000ms()    //@11.0592MHz
   4          {
   5   1        unsigned char i, j, k;
   6   1      
   7   1        _nop_();
   8   1        _nop_();
   9   1        i = 43;
  10   1        j = 6;
  11   1        k = 203;
  12   1        do
  13   1        {
  14   2          do
  15   2          {
  16   3            while (--k);
  17   3          } while (--j);
  18   2        } while (--i);
  19   1      }
  20          
  21          
  22          void main()
  23          {
  24   1        unsigned char a=0xFE;//1111 1110
  25   1        while(1)
  26   1        {
  27   2          P2=0x9F;
  28   2          P0=a;
  29   2          a=_cror_(a,1);
  30   2          Delay1000ms();
  31   2        }
  32   1        
  33   1      }


MODULE INFORMATION:   STATIC OVERLAYABLE
   CODE SIZE        =     39    ----
   CONSTANT SIZE    =   ----    ----
   XDATA SIZE       =   ----    ----
   PDATA SIZE       =   ----    ----
   DATA SIZE        =   ----    ----
   IDATA SIZE       =   ----    ----
   BIT SIZE         =   ----    ----
END OF MODULE INFORMATION.


C51 COMPILATION COMPLETE.  0 WARNING(S),  0 ERROR(S)
